c:\users\lina ynnoko\desktop\matprog_2\debug\vc142.pdb
c:\users\lina ynnoko\desktop\matprog_2\debug\vc142.idb
c:\users\lina ynnoko\desktop\matprog_2\debug\matprog_2.obj
c:\users\lina ynnoko\desktop\matprog_2\debug\combi3.obj
c:\users\lina ynnoko\desktop\matprog_2\debug\salesman.obj
c:\users\lina ynnoko\desktop\matprog_2(2)\debug\vc142.pdb
c:\users\lina ynnoko\desktop\matprog_2(2)\debug\vc142.idb
c:\users\lina ynnoko\desktop\matprog_2(2)\debug\salesman.obj
c:\users\lina ynnoko\desktop\matprog_2(2)\debug\matprog_2.obj
c:\users\lina ynnoko\desktop\matprog_2(2)\debug\combi3.obj
c:\users\lina ynnoko\desktop\matprog_2(2)\debug\auxil.obj
c:\users\lina ynnoko\desktop\matprog_2\debug\matprog_2.exe
c:\users\lina ynnoko\desktop\matprog_2\debug\matprog_2.ilk
c:\users\lina ynnoko\desktop\matprog_2\debug\matprog_2.pdb
c:\users\lina ynnoko\desktop\matprog_2(2)\debug\matprog_2.exe
c:\users\lina ynnoko\desktop\matprog_2(2)\debug\matprog_2.ilk
c:\users\lina ynnoko\desktop\matprog_2(2)\debug\matprog_2.pdb
c:\users\lina ynnoko\desktop\matprog_2(2)\debug\matprog_2.tlog\cl.command.1.tlog
c:\users\lina ynnoko\desktop\matprog_2(2)\debug\matprog_2.tlog\cl.read.1.tlog
c:\users\lina ynnoko\desktop\matprog_2(2)\debug\matprog_2.tlog\cl.write.1.tlog
c:\users\lina ynnoko\desktop\matprog_2(2)\debug\matprog_2.tlog\link.command.1.tlog
c:\users\lina ynnoko\desktop\matprog_2(2)\debug\matprog_2.tlog\link.read.1.tlog
c:\users\lina ynnoko\desktop\matprog_2(2)\debug\matprog_2.tlog\link.write.1.tlog
